#
# There is insufficient memory for the Java Runtime Environment to continue.
# Native memory allocation (mmap) failed to map 134217728 bytes for G1 virtual space
# Possible reasons:
#   The system is out of physical RAM or swap space
#   The process is running with CompressedOops enabled, and the Java Heap may be blocking the growth of the native heap
# Possible solutions:
#   Reduce memory load on the system
#   Increase physical memory or swap space
#   Check if swap backing store is full
#   Decrease Java heap size (-Xmx/-Xms)
#   Decrease number of Java threads
#   Decrease Java thread stack sizes (-Xss)
#   Set larger code cache with -XX:ReservedCodeCacheSize=
#   JVM is running with Unscaled Compressed Oops mode in which the Java heap is
#     placed in the first 4GB address space. The Java Heap base address is the
#     maximum limit for the native heap growth. Please use -XX:HeapBaseMinAddress
#     to set the Java Heap base and to place the Java Heap above 4GB virtual address.
# This output file may be truncated or incomplete.
#
#  Out of Memory Error (os_windows.cpp:3753), pid=17712, tid=14376
#
# JRE version:  (17.0.4+7) (build )
# Java VM: OpenJDK 64-Bit Server VM (17.0.4+7-b469.53, mixed mode, sharing, tiered, compressed oops, compressed class ptrs, g1 gc, windows-amd64)
# No core dump will be written. Minidumps are not enabled by default on client versions of Windows
#

---------------  S U M M A R Y ------------

Command Line: -Dawt.toolkit=com.intellij.desktop.DesktopActionsToolkit -Djava.rmi.server.hostname=127.0.0.1 -Duser.timezone=UTC -Xmx750m -Xms128m --add-exports=java.desktop/sun.awt=ALL-UNNAMED --add-exports=java.desktop/java.awt.peer=ALL-UNNAMED --add-opens=java.desktop/java.awt=ALL-UNNAMED --add-opens=jdk.unsupported/sun.misc=ALL-UNNAMED --add-opens=java.base/java.nio=ALL-UNNAMED -Dfile.encoding=UTF-8 com.intellij.database.remote.RemoteJdbcServer com.mysql.cj.jdbc.Driver

Host: AMD Ryzen 7 4800HS with Radeon Graphics         , 16 cores, 23G,  Windows 11 , 64 bit Build 22000 (10.0.22000.708)
Time: Sun Sep 25 18:32:09 2022  Windows 11 , 64 bit Build 22000 (10.0.22000.708) elapsed time: 0.008527 seconds (0d 0h 0m 0s)

---------------  T H R E A D  ---------------

Current thread (0x00000196a84c2fc0):  JavaThread "Unknown thread" [_thread_in_vm, id=14376, stack(0x0000000793600000,0x0000000793700000)]

Stack: [0x0000000793600000,0x0000000793700000]
Native frames: (J=compiled Java code, j=interpreted, Vv=VM code, C=native code)
V  [jvm.dll+0x68348a]
V  [jvm.dll+0x83faf4]
V  [jvm.dll+0x84129e]
V  [jvm.dll+0x841903]
V  [jvm.dll+0x2494a5]
V  [jvm.dll+0x680359]
V  [jvm.dll+0x67499a]
V  [jvm.dll+0x3092db]
V  [jvm.dll+0x310796]
V  [jvm.dll+0x36077e]
V  [jvm.dll+0x3609af]
V  [jvm.dll+0x2df3c8]
V  [jvm.dll+0x2e0334]
V  [jvm.dll+0x8112e1]
V  [jvm.dll+0x36e5d1]
V  [jvm.dll+0x7f06bc]
V  [jvm.dll+0x3f16ef]
V  [jvm.dll+0x3f3231]
C  [jli.dll+0x526b]
C  [ucrtbase.dll+0x26c0c]
C  [KERNEL32.DLL+0x154e0]
C  [ntdll.dll+0x485b]


---------------  P R O C E S S  ---------------

Threads class SMR info:
_java_thread_list=0x00007ffd66207f18, length=0, elements={
}

Java Threads: ( => current thread )

Other Threads:
  0x00000196a84f89a0 GCTaskThread "GC Thread#0" [stack: 0x0000000793700000,0x0000000793800000] [id=12364]
  0x00000196a84ff5b0 ConcurrentGCThread "G1 Main Marker" [stack: 0x0000000793800000,0x0000000793900000] [id=13496]
  0x00000196a8500030 ConcurrentGCThread "G1 Conc#0" [stack: 0x0000000793900000,0x0000000793a00000] [id=1488]

[error occurred during error reporting (printing all threads), id 0xc0000005, EXCEPTION_ACCESS_VIOLATION (0xc0000005) at pc=0x00007ffd659bff87]

VM state: not at safepoint (not fully initialized)

VM Mutex/Monitor currently owned by a thread:  ([mutex/lock_event])
[0x00000196a84be280] Heap_lock - owner thread: 0x00000196a84c2fc0

Heap address: 0x00000000d1200000, size: 750 MB, Compressed Oops mode: 32-bit

CDS archive(s) mapped at: [0x0000000000000000-0x0000000000000000-0x0000000000000000), size 0, SharedBaseAddress: 0x0000000800000000, ArchiveRelocationMode: 0.
Narrow klass base: 0x0000000000000000, Narrow klass shift: 0, Narrow klass range: 0x0

GC Precious Log:
<Empty>

Heap:
 garbage-first heap   total 0K, used 0K [0x00000000d1200000, 0x0000000100000000)
  region size 1024K, 0 young (0K), 0 survivors (0K)

[error occurred during error reporting (printing heap information), id 0xc0000005, EXCEPTION_ACCESS_VIOLATION (0xc0000005) at pc=0x00007ffd65dad119]

GC Heap History (0 events):
No events

Deoptimization events (0 events):
No events

Classes unloaded (0 events):
No events

Classes redefined (0 events):
No events

Internal exceptions (0 events):
No events

VM Operations (0 events):
No events

Events (1 events):
Event: 0.005 Loaded shared library D:\Study\Programming\apps\IDEA-U\ch-0\222.4167.29\jbr\bin\java.dll


Dynamic libraries:
0x00007ff798880000 - 0x00007ff79888a000 	D:\Study\Programming\apps\IDEA-U\ch-0\222.4167.29\jbr\bin\java.exe
0x00007ffddaa80000 - 0x00007ffddac89000 	C:\WINDOWS\SYSTEM32\ntdll.dll
0x00007ffdd9bf0000 - 0x00007ffdd9cad000 	C:\WINDOWS\System32\KERNEL32.DLL
0x00007ffdd8080000 - 0x00007ffdd83fc000 	C:\WINDOWS\System32\KERNELBASE.dll
0x00007ffdd86b0000 - 0x00007ffdd87c1000 	C:\WINDOWS\System32\ucrtbase.dll
0x00007ffdb9810000 - 0x00007ffdb982b000 	D:\Study\Programming\apps\IDEA-U\ch-0\222.4167.29\jbr\bin\VCRUNTIME140.dll
0x00007ffdb9750000 - 0x00007ffdb9767000 	D:\Study\Programming\apps\IDEA-U\ch-0\222.4167.29\jbr\bin\jli.dll
0x00007ffdda7b0000 - 0x00007ffdda95d000 	C:\WINDOWS\System32\USER32.dll
0x00007ffdd8570000 - 0x00007ffdd8596000 	C:\WINDOWS\System32\win32u.dll
0x00007ffdc1210000 - 0x00007ffdc14b5000 	C:\WINDOWS\WinSxS\amd64_microsoft.windows.common-controls_6595b64144ccf1df_6.0.22000.120_none_9d947278b86cc467\COMCTL32.dll
0x00007ffdda490000 - 0x00007ffdda4b9000 	C:\WINDOWS\System32\GDI32.dll
0x00007ffdd9910000 - 0x00007ffdd99b3000 	C:\WINDOWS\System32\msvcrt.dll
0x00007ffdd7f60000 - 0x00007ffdd8079000 	C:\WINDOWS\System32\gdi32full.dll
0x00007ffdd8610000 - 0x00007ffdd86ad000 	C:\WINDOWS\System32\msvcp_win.dll
0x00007ffdda5f0000 - 0x00007ffdda621000 	C:\WINDOWS\System32\IMM32.DLL
0x00007ffdc74a0000 - 0x00007ffdc74ac000 	D:\Study\Programming\apps\IDEA-U\ch-0\222.4167.29\jbr\bin\vcruntime140_1.dll
0x00007ffdb3eb0000 - 0x00007ffdb3f3d000 	D:\Study\Programming\apps\IDEA-U\ch-0\222.4167.29\jbr\bin\msvcp140.dll
0x00007ffd656d0000 - 0x00007ffd66339000 	D:\Study\Programming\apps\IDEA-U\ch-0\222.4167.29\jbr\bin\server\jvm.dll
0x00007ffdd9e70000 - 0x00007ffdd9f1e000 	C:\WINDOWS\System32\ADVAPI32.dll
0x00007ffdd95f0000 - 0x00007ffdd968e000 	C:\WINDOWS\System32\sechost.dll
0x00007ffdda4c0000 - 0x00007ffdda5e0000 	C:\WINDOWS\System32\RPCRT4.dll
0x00007ffdd9f20000 - 0x00007ffdd9f28000 	C:\WINDOWS\System32\PSAPI.DLL
0x00007ffdbfc70000 - 0x00007ffdbfc79000 	C:\WINDOWS\SYSTEM32\WSOCK32.dll
0x00007ffdd1000000 - 0x00007ffdd100a000 	C:\WINDOWS\SYSTEM32\VERSION.dll
0x00007ffdda960000 - 0x00007ffdda9cf000 	C:\WINDOWS\System32\WS2_32.dll
0x00007ffdd3d00000 - 0x00007ffdd3d33000 	C:\WINDOWS\SYSTEM32\WINMM.dll
0x00007ffdd7010000 - 0x00007ffdd7028000 	C:\WINDOWS\SYSTEM32\kernel.appcore.dll
0x00007ffd7e930000 - 0x00007ffd7e93a000 	D:\Study\Programming\apps\IDEA-U\ch-0\222.4167.29\jbr\bin\jimage.dll
0x00007ffdd3ab0000 - 0x00007ffdd3cd1000 	C:\WINDOWS\SYSTEM32\DBGHELP.DLL
0x00007ffdd3890000 - 0x00007ffdd38c1000 	C:\WINDOWS\SYSTEM32\dbgcore.DLL
0x00007ffdd87d0000 - 0x00007ffdd884f000 	C:\WINDOWS\System32\bcryptPrimitives.dll
0x00007ffd6fb50000 - 0x00007ffd6fb75000 	D:\Study\Programming\apps\IDEA-U\ch-0\222.4167.29\jbr\bin\java.dll

dbghelp: loaded successfully - version: 4.0.5 - missing functions: none
symbol engine: initialized successfully - sym options: 0x614 - pdb path: .;D:\Study\Programming\apps\IDEA-U\ch-0\222.4167.29\jbr\bin;C:\WINDOWS\SYSTEM32;C:\WINDOWS\WinSxS\amd64_microsoft.windows.common-controls_6595b64144ccf1df_6.0.22000.120_none_9d947278b86cc467;D:\Study\Programming\apps\IDEA-U\ch-0\222.4167.29\jbr\bin\server

VM Arguments:
jvm_args: -Dawt.toolkit=com.intellij.desktop.DesktopActionsToolkit -Djava.rmi.server.hostname=127.0.0.1 -Duser.timezone=UTC -Xmx750m -Xms128m --add-exports=java.desktop/sun.awt=ALL-UNNAMED --add-exports=java.desktop/java.awt.peer=ALL-UNNAMED --add-opens=java.desktop/java.awt=ALL-UNNAMED --add-opens=jdk.unsupported/sun.misc=ALL-UNNAMED --add-opens=java.base/java.nio=ALL-UNNAMED -Dfile.encoding=UTF-8 
java_command: com.intellij.database.remote.RemoteJdbcServer com.mysql.cj.jdbc.Driver
java_class_path (initial): D:\Study\Programming\apps\IDEA-U\ch-0\222.4167.29\lib\util_rt.jar;D:\Study\Programming\apps\IDEA-U\ch-0\222.4167.29\lib\util.jar;D:\Study\Programming\apps\IDEA-U\ch-0\222.4167.29\lib\groovy.jar;D:\Study\Programming\apps\IDEA-U\ch-0\222.4167.29\plugins\DatabaseTools\lib\jdbc-console.jar;C:\Users\vladi\AppData\Roaming\JetBrains\IntelliJIdea2022.2\jdbc-drivers\MySQL ConnectorJ\8.0.25\mysql-connector-java-8.0.25.jar
Launcher Type: SUN_STANDARD

[Global flags]
     intx CICompilerCount                          = 12                                        {product} {ergonomic}
     uint ConcGCThreads                            = 3                                         {product} {ergonomic}
     uint G1ConcRefinementThreads                  = 13                                        {product} {ergonomic}
   size_t G1HeapRegionSize                         = 1048576                                   {product} {ergonomic}
    uintx GCDrainStackTargetSize                   = 64                                        {product} {ergonomic}
   size_t InitialHeapSize                          = 134217728                                 {product} {command line}
   size_t MarkStackSize                            = 4194304                                   {product} {ergonomic}
   size_t MaxHeapSize                              = 786432000                                 {product} {command line}
   size_t MinHeapDeltaBytes                        = 1048576                                   {product} {ergonomic}
   size_t MinHeapSize                              = 134217728                                 {product} {command line}
    uintx NonNMethodCodeHeapSize                   = 7602480                                {pd product} {ergonomic}
    uintx NonProfiledCodeHeapSize                  = 122027880                              {pd product} {ergonomic}
    uintx ProfiledCodeHeapSize                     = 122027880                              {pd product} {ergonomic}
    uintx ReservedCodeCacheSize                    = 251658240                              {pd product} {ergonomic}
     bool SegmentedCodeCache                       = true                                      {product} {ergonomic}
   size_t SoftMaxHeapSize                          = 786432000                              {manageable} {ergonomic}
     bool UseCompressedClassPointers               = true                           {product lp64_product} {ergonomic}
     bool UseCompressedOops                        = true                           {product lp64_product} {ergonomic}
     bool UseG1GC                                  = true                                      {product} {ergonomic}
     bool UseLargePagesIndividualAllocation        = false                                  {pd product} {ergonomic}

Logging:
Log output configuration:
 #0: stdout all=warning uptime,level,tags
 #1: stderr all=off uptime,level,tags

Environment Variables:
JAVA_HOME=C:\Program Files\Java\jdk-18.0.1.1
PATH=C:\ProgramData\Oracle\Java\javapath;D:\Study\Programming\Oracle\bin;C:\Program Files\Common Files\Oracle\Java\javapath;D:\Study\Programming\Oracle\Oracle\bin;C:\Windows\system32;C:\Windows;C:\Windows\System32\Wbem;C:\Windows\System32\WindowsPowerShell\v1.0\;C:\Windows\System32\OpenSSH\;C:\Program Files (x86)\NVIDIA Corporation\PhysX\Common;C:\Program Files\NVIDIA Corporation\NVIDIA NvDLISR;C:\WINDOWS\system32;C:\WINDOWS;C:\WINDOWS\System32\Wbem;C:\WINDOWS\System32\WindowsPowerShell\v1.0\;C:\WINDOWS\System32\OpenSSH\;C:\Program Files\dotnet\;C:\Program Files\MySQL\MySQL Shell 8.0\bin\;C:\Users\vladi\AppData\Local\Microsoft\WindowsApps;D:\Study\Programming\VS Code\bin;C:\Users\vladi\AppData\Local\JetBrains\Toolbox\scripts;D:\Study\Programming\Maven\apache-maven-3.8.6\bin;
USERNAME=vladi
OS=Windows_NT
PROCESSOR_IDENTIFIER=AMD64 Family 23 Model 96 Stepping 1, AuthenticAMD
TMP=C:\Users\vladi\AppData\Local\Temp
TEMP=C:\Users\vladi\AppData\Local\Temp



---------------  S Y S T E M  ---------------

OS:
 Windows 11 , 64 bit Build 22000 (10.0.22000.708)
OS uptime: 0 days 5:03 hours
Hyper-V role detected

CPU: total 16 (initial active 16) (16 cores per cpu, 2 threads per core) family 23 model 96 stepping 1 microcode 0x0, cx8, cmov, fxsr, ht, mmx, 3dnowpref, sse, sse2, sse3, ssse3, sse4a, sse4.1, sse4.2, popcnt, lzcnt, tsc, tscinvbit, avx, avx2, aes, clmul, bmi1, bmi2, adx, sha, fma, vzeroupper, clflush, clflushopt, hv

Memory: 4k page, system-wide physical 23983M (10275M free)
TotalPageFile size 23983M (AvailPageFile size 110M)
current process WorkingSet (physical memory assigned to process): 10M, peak: 10M
current process commit charge ("private bytes"): 69M, peak: 197M

vm_info: OpenJDK 64-Bit Server VM (17.0.4+7-b469.53) for windows-amd64 JRE (17.0.4+7-b469.53), built on 2022-08-29 by "builduser" with MS VC++ 16.10 / 16.11 (VS2019)

END.
